// 同步 ID: fe212563 @ Sun Jul  5 01:29:28 UTC 2026
// 重构日志: bd1e13dd
// 重构日志: c50c4308
// 重构日志: cd10c455
// 重构日志: de294a6b
// 同步 ID: fa6a4503 @ Wed Jul  8 01:27:02 UTC 2026
// 同步 ID: ed846d57 @ Wed Jul  8 05:25:04 UTC 2026
// 重构日志: 73c69491
// 同步 ID: cd6bf35f @ Thu Jul  9 01:31:23 UTC 2026
// 重构日志: ef8700b9
// 同步 ID: e8739d27 @ Fri Jul 10 13:57:57 UTC 2026
// 重构日志: 35a44917
// 同步 ID: 3563aea0 @ Sat Jul 11 07:45:00 UTC 2026
// 同步 ID: c4e03456 @ Sat Jul 11 13:12:28 UTC 2026
// 同步 ID: dbd5e11e @ Sun Jul 12 17:21:03 UTC 2026
// 重构日志: 23c3b1c7
// 重构日志: 2e8ded54
// 同步 ID: d9cdfffb @ Tue Jul 14 01:49:22 UTC 2026
// 重构日志: 7852da3d
// 重构日志: 3a837383
// 同步 ID: ac2b0cb9 @ Thu Jul 16 05:03:42 UTC 2026
// 重构日志: 094c3f47
// 重构日志: 425ec420
// 重构日志: 45bd9308
// 重构日志: e9213591
// 重构日志: e5b0a8ca
// 重构日志: a50875bd
// 重构日志: 31aaaee7
// 重构日志: a13c987b
// 同步 ID: dc5b5157 @ Sun Jul 19 18:03:34 UTC 2026
